<?xml version="1.0" encoding="UTF-8"?>
<testsuite xmlns:xsi="http://www.w3.org/2001/XMLSchema-instance" xsi:noNamespaceSchemaLocation="https://maven.apache.org/surefire/maven-surefire-plugin/xsd/surefire-test-report-3.0.xsd" version="3.0" name="com.nt.test.CensusSerciveTest" time="0.161" tests="7" errors="0" skipped="0" failures="3">
  <properties>
[...]
</properties>
  <testcase name="testisOdd(int)[1]" classname="com.nt.test.CensusSerciveTest" time="0.044"/>
  <testcase name="testisOdd(int)[2]" classname="com.nt.test.CensusSerciveTest" time="0.001"/>
  <testcase name="testisOdd(int)[3]" classname="com.nt.test.CensusSerciveTest" time="0.005">
    <failure type="org.opentest4j.AssertionFailedError"><![CDATA[org.opentest4j.AssertionFailedError: expected: <true> but was: <false>
	at com.nt.test.CensusSerciveTest.testisOdd(CensusSerciveTest.java:26)
]]></failure>
  </testcase>
  <testcase name="testisOdd(int)[4]" classname="com.nt.test.CensusSerciveTest" time="0.001">
    <failure type="org.opentest4j.AssertionFailedError"><![CDATA[org.opentest4j.AssertionFailedError: expected: <true> but was: <false>
	at com.nt.test.CensusSerciveTest.testisOdd(CensusSerciveTest.java:26)
]]></failure>
  </testcase>
  <testcase name="testisOdd(int)[5]" classname="com.nt.test.CensusSerciveTest" time="0.001">
    <failure type="org.opentest4j.AssertionFailedError"><![CDATA[org.opentest4j.AssertionFailedError: expected: <true> but was: <false>
	at com.nt.test.CensusSerciveTest.testisOdd(CensusSerciveTest.java:26)
]]></failure>
  </testcase>
  <testcase name="testisOdd(int)[6]" classname="com.nt.test.CensusSerciveTest" time="0.001"/>
  <testcase name="testisOdd(int)[7]" classname="com.nt.test.CensusSerciveTest" time="0.001"/>
</testsuite>